[debug] [2020-03-17T16:34:09.695Z] ----------------------------------------------------------------------
[debug] [2020-03-17T16:34:09.699Z] Command:       C:\Program Files\nodejs\node.exe C:\Users\Kamonchanok(Lyn)Phut\AppData\Roaming\npm\node_modules\firebase-tools\lib\bin\firebase.js deploy
[debug] [2020-03-17T16:34:09.699Z] CLI Version:   7.15.0
[debug] [2020-03-17T16:34:09.699Z] Platform:      win32
[debug] [2020-03-17T16:34:09.699Z] Node Version:  v12.13.1
[debug] [2020-03-17T16:34:09.710Z] Time:          Tue Mar 17 2020 23:34:09 GMT+0700 (Indochina Time)
[debug] [2020-03-17T16:34:09.710Z] ----------------------------------------------------------------------
[debug] [2020-03-17T16:34:09.711Z] 
[debug] [2020-03-17T16:34:09.734Z] > command requires scopes: ["email","openid","https://www.googleapis.com/auth/cloudplatformprojects.readonly","https://www.googleapis.com/auth/firebase","https://www.googleapis.com/auth/cloud-platform"]
[debug] [2020-03-17T16:34:09.735Z] > authorizing via signed-in user
[debug] [2020-03-17T16:34:09.735Z] [iam] checking project beauty-busniess for permissions ["firebase.projects.get","firebasehosting.sites.update"]
[debug] [2020-03-17T16:34:09.737Z] > refreshing access token with scopes: ["email","https://www.googleapis.com/auth/cloud-platform","https://www.googleapis.com/auth/cloudplatformprojects.readonly","https://www.googleapis.com/auth/firebase","openid"]
[debug] [2020-03-17T16:34:09.738Z] >>> HTTP REQUEST POST https://www.googleapis.com/oauth2/v3/token  
 <request body omitted>
[debug] [2020-03-17T16:34:10.009Z] <<< HTTP RESPONSE 200
[debug] [2020-03-17T16:34:10.019Z] >>> HTTP REQUEST POST https://cloudresourcemanager.googleapis.com/v1/projects/beauty-busniess:testIamPermissions  

[debug] [2020-03-17T16:34:11.372Z] <<< HTTP RESPONSE 200
[debug] [2020-03-17T16:34:11.375Z] >>> HTTP REQUEST GET https://firebase.googleapis.com/v1beta1/projects/beauty-busniess  
 
[debug] [2020-03-17T16:34:11.819Z] <<< HTTP RESPONSE 200
[info] 
[info] === Deploying to 'beauty-busniess'...
[info] 
[info] i  deploying hosting
[debug] [2020-03-17T16:34:11.823Z] >>> HTTP REQUEST POST https://firebasehosting.googleapis.com/v1beta1/sites/beauty-busniess/versions  

[debug] [2020-03-17T16:34:13.877Z] <<< HTTP RESPONSE 200
[info] i  hosting[beauty-busniess]: beginning deploy...
[info] i  hosting[beauty-busniess]: found 19 files in build
[debug] [2020-03-17T16:34:14.827Z] [hosting] hash cache [YnVpbGQ] stored for 19 files
[debug] [2020-03-17T16:34:14.827Z] [hosting][hash queue][FINAL]
[debug] [2020-03-17T16:34:14.828Z] >>> HTTP REQUEST POST https://firebasehosting.googleapis.com/v1beta1/sites/beauty-busniess/versions/0bb60b0f859a5b52:populateFiles  
 <request body omitted>
[debug] [2020-03-17T16:34:16.644Z] <<< HTTP RESPONSE 200
[debug] [2020-03-17T16:34:16.650Z] [hosting][populate queue][FINAL]
[debug] [2020-03-17T16:34:16.650Z] [hosting] uploads queued: 11
